  Main.cpp
C:\Users\-d``1SEr-\Downloads\Ханойская башня\Курсовая работа\Курсовая работа\Main.cpp(57,22): warning C4838: Преобразование из "int" в "Uint8" требует сужающего преобразования.
C:\Users\-d``1SEr-\Downloads\Ханойская башня\Курсовая работа\Курсовая работа\Main.cpp(57,30): warning C4838: Преобразование из "int" в "Uint8" требует сужающего преобразования.
C:\Users\-d``1SEr-\Downloads\Ханойская башня\Курсовая работа\Курсовая работа\Main.cpp(57,38): warning C4838: Преобразование из "int" в "Uint8" требует сужающего преобразования.
C:\Users\-d``1SEr-\Downloads\Ханойская башня\Курсовая работа\Курсовая работа\Main.cpp(114,16): warning C4244: =: преобразование "double" в "int", возможна потеря данных
C:\Users\-d``1SEr-\Downloads\Ханойская башня\Курсовая работа\Курсовая работа\Main.cpp(115,16): warning C4244: =: преобразование "double" в "int", возможна потеря данных
C:\Users\-d``1SEr-\Downloads\Ханойская башня\Курсовая работа\Курсовая работа\Main.cpp(116,16): warning C4244: =: преобразование "double" в "int", возможна потеря данных
C:\Users\-d``1SEr-\Downloads\Ханойская башня\Курсовая работа\Курсовая работа\Main.cpp(117,16): warning C4244: =: преобразование "double" в "int", возможна потеря данных
C:\Users\-d``1SEr-\Downloads\Ханойская башня\Курсовая работа\Курсовая работа\Main.cpp(118,17): warning C4244: =: преобразование "double" в "int", возможна потеря данных
C:\Users\-d``1SEr-\Downloads\Ханойская башня\Курсовая работа\Курсовая работа\Main.cpp(140,12): warning C4244: =: преобразование "double" в "int", возможна потеря данных
C:\Users\-d``1SEr-\Downloads\Ханойская башня\Курсовая работа\Курсовая работа\Main.cpp(141,12): warning C4244: =: преобразование "double" в "int", возможна потеря данных
C:\Users\-d``1SEr-\Downloads\Ханойская башня\Курсовая работа\Курсовая работа\Main.cpp(142,13): warning C4244: =: преобразование "double" в "int", возможна потеря данных
C:\Users\-d``1SEr-\Downloads\Ханойская башня\Курсовая работа\Курсовая работа\Main.cpp(143,13): warning C4244: =: преобразование "double" в "int", возможна потеря данных
C:\Users\-d``1SEr-\Downloads\Ханойская башня\Курсовая работа\Курсовая работа\Main.cpp(144,13): warning C4244: =: преобразование "double" в "int", возможна потеря данных
C:\Users\-d``1SEr-\Downloads\Ханойская башня\Курсовая работа\Курсовая работа\Main.cpp(145,13): warning C4244: =: преобразование "double" в "int", возможна потеря данных
C:\Users\-d``1SEr-\Downloads\Ханойская башня\Курсовая работа\Курсовая работа\Main.cpp(147,14): warning C4244: =: преобразование "double" в "int", возможна потеря данных
C:\Users\-d``1SEr-\Downloads\Ханойская башня\Курсовая работа\Курсовая работа\Main.cpp(148,14): warning C4244: =: преобразование "double" в "int", возможна потеря данных
C:\Users\-d``1SEr-\Downloads\Ханойская башня\Курсовая работа\Курсовая работа\Main.cpp(149,14): warning C4244: =: преобразование "double" в "int", возможна потеря данных
C:\Users\-d``1SEr-\Downloads\Ханойская башня\Курсовая работа\Курсовая работа\Main.cpp(150,14): warning C4244: =: преобразование "double" в "int", возможна потеря данных
C:\Users\-d``1SEr-\Downloads\Ханойская башня\Курсовая работа\Курсовая работа\Main.cpp(154,13): warning C4244: =: преобразование "double" в "int", возможна потеря данных
C:\Users\-d``1SEr-\Downloads\Ханойская башня\Курсовая работа\Курсовая работа\Main.cpp(155,13): warning C4244: =: преобразование "double" в "int", возможна потеря данных
C:\Users\-d``1SEr-\Downloads\Ханойская башня\Курсовая работа\Курсовая работа\Main.cpp(156,14): warning C4244: =: преобразование "double" в "int", возможна потеря данных
C:\Users\-d``1SEr-\Downloads\Ханойская башня\Курсовая работа\Курсовая работа\Main.cpp(157,14): warning C4244: =: преобразование "double" в "int", возможна потеря данных
C:\Users\-d``1SEr-\Downloads\Ханойская башня\Курсовая работа\Курсовая работа\Main.cpp(418,12): warning C4244: аргумент: преобразование "time_t" в "unsigned int", возможна потеря данных
  Курсовая работа.vcxproj -> C:\Users\-d``1SEr-\Downloads\Ханойская башня\Курсовая работа\x64\Debug\Курсовая работа.exe
