  Main.cpp
C:\Users\-d``1SEr-\Desktop\Курсовая работа\Курсовая работа\Main.cpp(57,22): warning C4838: Преобразование из "int" в "Uint8" требует сужающего преобразования.
C:\Users\-d``1SEr-\Desktop\Курсовая работа\Курсовая работа\Main.cpp(57,30): warning C4838: Преобразование из "int" в "Uint8" требует сужающего преобразования.
C:\Users\-d``1SEr-\Desktop\Курсовая работа\Курсовая работа\Main.cpp(57,38): warning C4838: Преобразование из "int" в "Uint8" требует сужающего преобразования.
C:\Users\-d``1SEr-\Desktop\Курсовая работа\Курсовая работа\Main.cpp(114,16): warning C4244: =: преобразование "double" в "int", возможна потеря данных
C:\Users\-d``1SEr-\Desktop\Курсовая работа\Курсовая работа\Main.cpp(115,16): warning C4244: =: преобразование "double" в "int", возможна потеря данных
C:\Users\-d``1SEr-\Desktop\Курсовая работа\Курсовая работа\Main.cpp(116,16): warning C4244: =: преобразование "double" в "int", возможна потеря данных
C:\Users\-d``1SEr-\Desktop\Курсовая работа\Курсовая работа\Main.cpp(117,16): warning C4244: =: преобразование "double" в "int", возможна потеря данных
C:\Users\-d``1SEr-\Desktop\Курсовая работа\Курсовая работа\Main.cpp(118,17): warning C4244: =: преобразование "double" в "int", возможна потеря данных
C:\Users\-d``1SEr-\Desktop\Курсовая работа\Курсовая работа\Main.cpp(140,13): warning C4244: =: преобразование "double" в "int", возможна потеря данных
C:\Users\-d``1SEr-\Desktop\Курсовая работа\Курсовая работа\Main.cpp(141,13): warning C4244: =: преобразование "double" в "int", возможна потеря данных
C:\Users\-d``1SEr-\Desktop\Курсовая работа\Курсовая работа\Main.cpp(142,13): warning C4244: =: преобразование "double" в "int", возможна потеря данных
C:\Users\-d``1SEr-\Desktop\Курсовая работа\Курсовая работа\Main.cpp(143,13): warning C4244: =: преобразование "double" в "int", возможна потеря данных
C:\Users\-d``1SEr-\Desktop\Курсовая работа\Курсовая работа\Main.cpp(145,14): warning C4244: =: преобразование "double" в "int", возможна потеря данных
C:\Users\-d``1SEr-\Desktop\Курсовая работа\Курсовая работа\Main.cpp(146,14): warning C4244: =: преобразование "double" в "int", возможна потеря данных
C:\Users\-d``1SEr-\Desktop\Курсовая работа\Курсовая работа\Main.cpp(147,14): warning C4244: =: преобразование "double" в "int", возможна потеря данных
C:\Users\-d``1SEr-\Desktop\Курсовая работа\Курсовая работа\Main.cpp(148,14): warning C4244: =: преобразование "double" в "int", возможна потеря данных
C:\Users\-d``1SEr-\Desktop\Курсовая работа\Курсовая работа\Main.cpp(152,13): warning C4244: =: преобразование "double" в "int", возможна потеря данных
C:\Users\-d``1SEr-\Desktop\Курсовая работа\Курсовая работа\Main.cpp(153,13): warning C4244: =: преобразование "double" в "int", возможна потеря данных
C:\Users\-d``1SEr-\Desktop\Курсовая работа\Курсовая работа\Main.cpp(154,14): warning C4244: =: преобразование "double" в "int", возможна потеря данных
C:\Users\-d``1SEr-\Desktop\Курсовая работа\Курсовая работа\Main.cpp(155,14): warning C4244: =: преобразование "double" в "int", возможна потеря данных
C:\Users\-d``1SEr-\Desktop\Курсовая работа\Курсовая работа\Main.cpp(235,22): warning C4018: <: несоответствие типов со знаком и без знака
C:\Users\-d``1SEr-\Desktop\Курсовая работа\Курсовая работа\Main.cpp(257,22): warning C4018: <: несоответствие типов со знаком и без знака
C:\Users\-d``1SEr-\Desktop\Курсовая работа\Курсовая работа\Main.cpp(281,22): warning C4018: <: несоответствие типов со знаком и без знака
C:\Users\-d``1SEr-\Desktop\Курсовая работа\Курсовая работа\Main.cpp(288,22): warning C4018: <: несоответствие типов со знаком и без знака
C:\Users\-d``1SEr-\Desktop\Курсовая работа\Курсовая работа\Main.cpp(304,24): warning C4018: <: несоответствие типов со знаком и без знака
C:\Users\-d``1SEr-\Desktop\Курсовая работа\Курсовая работа\Main.cpp(346,20): warning C4018: <: несоответствие типов со знаком и без знака
C:\Users\-d``1SEr-\Desktop\Курсовая работа\Курсовая работа\Main.cpp(350,20): warning C4018: <: несоответствие типов со знаком и без знака
C:\Users\-d``1SEr-\Desktop\Курсовая работа\Курсовая работа\Main.cpp(358,12): warning C4244: аргумент: преобразование "time_t" в "unsigned int", возможна потеря данных
  Курсовая работа.vcxproj -> C:\Users\-d``1SEr-\Desktop\Курсовая работа\Debug\Курсовая работа.exe
